[debug] [2021-02-10T23:20:57.508Z] ----------------------------------------------------------------------
[debug] [2021-02-10T23:20:57.510Z] Command:       /usr/local/bin/firebase /Users/mreza/.cache/firebase/tools/lib/node_modules/firebase-tools/lib/bin/firebase init
[debug] [2021-02-10T23:20:57.510Z] CLI Version:   9.3.0
[debug] [2021-02-10T23:20:57.510Z] Platform:      darwin
[debug] [2021-02-10T23:20:57.510Z] Node Version:  v12.18.1
[debug] [2021-02-10T23:20:57.511Z] Time:          Wed Feb 10 2021 15:20:57 GMT-0800 (Pacific Standard Time)
[debug] [2021-02-10T23:20:57.511Z] ----------------------------------------------------------------------
[debug] [2021-02-10T23:20:57.511Z] 
[debug] [2021-02-10T23:20:57.515Z] > command requires scopes: ["email","openid","https://www.googleapis.com/auth/cloudplatformprojects.readonly","https://www.googleapis.com/auth/firebase","https://www.googleapis.com/auth/cloud-platform"]
[debug] [2021-02-10T23:20:57.515Z] > authorizing via signed-in user
[info] 
     ######## #### ########  ######## ########     ###     ######  ########
     ##        ##  ##     ## ##       ##     ##  ##   ##  ##       ##
     ######    ##  ########  ######   ########  #########  ######  ######
     ##        ##  ##    ##  ##       ##     ## ##     ##       ## ##
     ##       #### ##     ## ######## ########  ##     ##  ######  ########

You're about to initialize a Firebase project in this directory:

  /Users/mreza/Documents/Graphics/their-3d-library-v1-group12

[info] 
=== Project Setup
[info] 
[info] First, let's associate this project directory with a Firebase project.
[info] You can create multiple project aliases by running firebase use --add, 
[info] but for now we'll just set up a default project.
[info] 
[debug] [2021-02-10T23:22:01.846Z] >>> [apiv2][query] GET https://firebase.googleapis.com/v1beta1/projects pageSize=100
[debug] [2021-02-10T23:22:02.106Z] <<< [apiv2][status] GET https://firebase.googleapis.com/v1beta1/projects 200
[debug] [2021-02-10T23:22:02.106Z] <<< [apiv2][body] GET https://firebase.googleapis.com/v1beta1/projects [omitted]
[info] i  Using project circuitry-c4337 (Circuitry) 
[info] 
=== Hosting Setup
[info] 
[info] Your public directory is the folder (relative to your project directory) that
[info] will contain Hosting assets to be uploaded with firebase deploy. If you
[info] have a build process for your assets, use your build's output directory.
[info] 
[debug] [2021-02-10T23:24:19.581Z] >>> [apiv2][query] GET https://www.gstatic.com/firebasejs/releases.json [none]
[debug] [2021-02-10T23:24:19.696Z] <<< [apiv2][status] GET https://www.gstatic.com/firebasejs/releases.json 200
[debug] [2021-02-10T23:24:19.696Z] <<< [apiv2][body] GET https://www.gstatic.com/firebasejs/releases.json {"current":{"version":"8.2.6","browserURL":"https://www.gstatic.com/firebasejs/8.2.6/firebase.js","packageURL":"https://www.gstatic.com/firebasejs/8.2.6/firebase.tgz"},"live":{"version":"8.2","browserURL":"https://www.gstatic.com/firebasejs/live/8.2/firebase.js","packageURL":"https://www.gstatic.com/firebasejs/live/8.2/firebase.tgz"},"components":{"analytics":"https://www.gstatic.com/firebasejs/8.2.6/firebase-analytics.js","app":"https://www.gstatic.com/firebasejs/8.2.6/firebase-app.js","auth":"https://www.gstatic.com/firebasejs/8.2.6/firebase-auth.js","database":"https://www.gstatic.com/firebasejs/8.2.6/firebase-database.js","firestore":"https://www.gstatic.com/firebasejs/8.2.6/firebase-firestore.js","functions":"https://www.gstatic.com/firebasejs/8.2.6/firebase-functions.js","installations":"https://www.gstatic.com/firebasejs/8.2.6/firebase-installations.js","messaging":"https://www.gstatic.com/firebasejs/8.2.6/firebase-messaging.js","storage":"https://www.gstatic.com/firebasejs/8.2.6/firebase-storage.js","performance":"https://www.gstatic.com/firebasejs/8.2.6/firebase-performance.js","remote-config":"https://www.gstatic.com/firebasejs/8.2.6/firebase-remote-config.js","firestore.memory":"https://www.gstatic.com/firebasejs/8.2.6/firebase-firestore.memory.js"}}
[info] ✔  Wrote /Users/mreza/Documents/Graphics/their-3d-library-v1-group12/firebase/index.html 
[info] 
[info] i  Detected a .git folder at /Users/mreza/Documents/Graphics/their-3d-library-v1-group12 
[info] i  Authorizing with GitHub to upload your service account to a GitHub repository's secrets store. 
[info] 
[info] Visit this URL on this device to log in:
[info] https://github.com/login/oauth/authorize?client_id=89cf50f02ac6aaed3484&state=949516321&redirect_uri=http%3A%2F%2Flocalhost%3A9005&scope=read%3Auser%20repo%20public_repo
[info] 
[info] Waiting for authentication...
[debug] [2021-02-10T23:24:30.497Z] >>> HTTP REQUEST POST https://github.com/login/oauth/access_token  
 {"client_id":"89cf50f02ac6aaed3484","client_secret":"3330d14abc895d9a74d5f17cd7a00711fa2c5bf0","code":"7f7a37e1a098f56970c2","redirect_uri":"http://localhost:9005","state":"949516321"}
[debug] [2021-02-10T23:24:30.952Z] <<< HTTP RESPONSE 200 {"date":"Wed, 10 Feb 2021 23:24:30 GMT","content-type":"application/json; charset=utf-8","transfer-encoding":"chunked","server":"GitHub.com","vary":"X-PJAX, Accept-Encoding, Accept, X-Requested-With, Accept-Encoding","etag":"W/\"a58e5f529338dc708291a10ed7fab1a1\"","cache-control":"max-age=0, private, must-revalidate","strict-transport-security":"max-age=31536000; includeSubdomains; preload","x-frame-options":"deny","x-content-type-options":"nosniff","x-xss-protection":"1; mode=block","referrer-policy":"origin-when-cross-origin, strict-origin-when-cross-origin","expect-ct":"max-age=2592000, report-uri=\"https://api.github.com/_private/browser/errors\"","content-security-policy":"default-src 'none'; base-uri 'self'; block-all-mixed-content; connect-src 'self' uploads.github.com www.githubstatus.com collector.githubapp.com api.github.com github-cloud.s3.amazonaws.com github-production-repository-file-5c1aeb.s3.amazonaws.com github-production-upload-manifest-file-7fdce7.s3.amazonaws.com github-production-user-asset-6210df.s3.amazonaws.com cdn.optimizely.com logx.optimizely.com/v1/events wss://alive.github.com; font-src github.githubassets.com; form-action 'self' github.com gist.github.com; frame-ancestors 'none'; frame-src render.githubusercontent.com; img-src 'self' data: github.githubassets.com identicons.github.com collector.githubapp.com github-cloud.s3.amazonaws.com user-images.githubusercontent.com/ *.githubusercontent.com; manifest-src 'self'; media-src 'none'; script-src github.githubassets.com; style-src 'unsafe-inline' github.githubassets.com; worker-src github.com/socket-worker-5029ae85.js gist.github.com/socket-worker-5029ae85.js","x-github-request-id":"E4D6:405B:9C0620:C5F261:60246B2E"}
[debug] [2021-02-10T23:24:30.953Z] >>> [apiv2][query] GET https://api.github.com/user [none]
[debug] [2021-02-10T23:24:31.388Z] <<< [apiv2][status] GET https://api.github.com/user 200
[debug] [2021-02-10T23:24:31.388Z] <<< [apiv2][body] GET https://api.github.com/user {"login":"MichaelReza","id":45471734,"node_id":"MDQ6VXNlcjQ1NDcxNzM0","avatar_url":"https://avatars.githubusercontent.com/u/45471734?v=4","gravatar_id":"","url":"https://api.github.com/users/MichaelReza","html_url":"https://github.com/MichaelReza","followers_url":"https://api.github.com/users/MichaelReza/followers","following_url":"https://api.github.com/users/MichaelReza/following{/other_user}","gists_url":"https://api.github.com/users/MichaelReza/gists{/gist_id}","starred_url":"https://api.github.com/users/MichaelReza/starred{/owner}{/repo}","subscriptions_url":"https://api.github.com/users/MichaelReza/subscriptions","organizations_url":"https://api.github.com/users/MichaelReza/orgs","repos_url":"https://api.github.com/users/MichaelReza/repos","events_url":"https://api.github.com/users/MichaelReza/events{/privacy}","received_events_url":"https://api.github.com/users/MichaelReza/received_events","type":"User","site_admin":false,"name":null,"company":null,"blog":"","location":null,"email":null,"hireable":null,"bio":null,"twitter_username":null,"public_repos":4,"public_gists":0,"followers":1,"following":0,"created_at":"2018-11-29T22:57:17Z","updated_at":"2021-02-10T23:24:30Z","private_gists":0,"total_private_repos":2,"owned_private_repos":2,"disk_usage":588,"collaborators":7,"two_factor_authentication":false,"plan":{"name":"pro","space":976562499,"collaborators":0,"private_repos":9999}}
[info] 
[info] ✔  Success! Logged into GitHub as MichaelReza 
[info] 
[debug] [2021-02-10T23:26:14.359Z] >>> [apiv2][query] GET https://api.github.com/repos/MichaelReza/lmu-cmsi371-spring2021/actions/secrets/public-key type=owner
[debug] [2021-02-10T23:26:14.362Z] >>> [apiv2][query] GET https://api.github.com/repos///actions/secrets/public-key type=owner
[debug] [2021-02-10T23:26:14.364Z] >>> [apiv2][query] GET https://api.github.com/repos/their-3d-library-v1-group12/actions/secrets/public-key type=owner
[debug] [2021-02-10T23:26:14.783Z] <<< [apiv2][status] GET https://api.github.com/repos///actions/secrets/public-key 404
[debug] [2021-02-10T23:26:14.783Z] <<< [apiv2][body] GET https://api.github.com/repos///actions/secrets/public-key {"message":"Not Found","documentation_url":"https://docs.github.com/rest"}
[debug] [2021-02-10T23:26:14.788Z] <<< [apiv2][status] GET https://api.github.com/repos/their-3d-library-v1-group12/actions/secrets/public-key 404
[debug] [2021-02-10T23:26:14.788Z] <<< [apiv2][body] GET https://api.github.com/repos/their-3d-library-v1-group12/actions/secrets/public-key {"message":"Not Found","documentation_url":"https://docs.github.com/rest"}
[debug] [2021-02-10T23:26:14.795Z] <<< [apiv2][status] GET https://api.github.com/repos/MichaelReza/lmu-cmsi371-spring2021/actions/secrets/public-key 404
[debug] [2021-02-10T23:26:14.795Z] <<< [apiv2][body] GET https://api.github.com/repos/MichaelReza/lmu-cmsi371-spring2021/actions/secrets/public-key {"message":"Not Found","documentation_url":"https://docs.github.com/rest/reference/actions#get-a-repository-public-key"}
[debug] [2021-02-10T23:26:55.419Z] >>> [apiv2][query] GET https://api.github.com/repos/MichaelReza/lmu-cmsi371-spring2021/their-3d-library-v1-group12/actions/secrets/public-key type=owner
[debug] [2021-02-10T23:26:55.856Z] <<< [apiv2][status] GET https://api.github.com/repos/MichaelReza/lmu-cmsi371-spring2021/their-3d-library-v1-group12/actions/secrets/public-key 404
[debug] [2021-02-10T23:26:55.857Z] <<< [apiv2][body] GET https://api.github.com/repos/MichaelReza/lmu-cmsi371-spring2021/their-3d-library-v1-group12/actions/secrets/public-key {"message":"Not Found","documentation_url":"https://docs.github.com/rest"}
